[2023-08-13 15:32:37,087]-[main] INFO  Application - Autoreload is disabled because the development mode is off.
[2023-08-13 15:32:37,314]-[main] INFO  com.zaxxer.hikari.HikariDataSource - HikariPool-1 - Starting...
[2023-08-13 15:32:37,415]-[main] INFO  com.zaxxer.hikari.HikariDataSource - HikariPool-1 - Start completed.
[2023-08-13 15:32:37,771]-[main] INFO  Application - Application started in 0.712 seconds.
[2023-08-13 15:32:37,771]-[main] INFO  Application - Application started: io.ktor.server.application.Application@cb39552
[2023-08-13 15:32:37,885]-[DefaultDispatcher-worker-1] INFO  Application - Responding at http://0.0.0.0:8080
[2023-08-13 15:32:46,755]-[eventLoopGroupProxy-4-1] INFO  Application - [31m401 Unauthorized[m: [36mPOST[m - /kv/routeAddressServiceManager0 in 67ms
[2023-08-13 15:32:59,406]-[eventLoopGroupProxy-4-2] INFO  Application - [31m401 Unauthorized[m: [36mPOST[m - /login in 16ms
[2023-08-13 15:33:11,945]-[eventLoopGroupProxy-4-3] INFO  Application - [32m200 OK[m: [36mPOST[m - /kv/routeRegisterProfileServiceManager0 in 67ms
[2023-08-13 15:33:21,753]-[eventLoopGroupProxy-4-4] INFO  Application - [32m200 OK[m: [36mPOST[m - /login in 22ms
[2023-08-13 15:33:21,783]-[eventLoopGroupProxy-4-5] INFO  Application - [32m200 OK[m: [36mPOST[m - /kv/routeProfileServiceManager0 in 14ms
[2023-08-13 15:33:21,814]-[eventLoopGroupProxy-4-6] INFO  Application - [32m200 OK[m: [36mPOST[m - /kv/routeAddressServiceManager0 in 14ms
[2023-08-13 15:33:25,667]-[eventLoopGroupProxy-4-7] INFO  Application - [32m200 OK[m: [36mPOST[m - /kv/routeAddressServiceManager1 in 58ms
[2023-08-13 15:33:25,684]-[eventLoopGroupProxy-4-8] INFO  Application - [32m200 OK[m: [36mPOST[m - /kv/routeAddressServiceManager0 in 5ms
[2023-08-13 15:33:26,886]-[eventLoopGroupProxy-4-9] INFO  Application - [32m302 Found[m: [36mGET[m - /logout in 4ms -> /
[2023-08-13 15:33:27,631]-[eventLoopGroupProxy-4-10] INFO  Application - [31m401 Unauthorized[m: [36mPOST[m - /kv/routeAddressServiceManager0 in 3ms
[2023-08-13 15:33:30,624]-[eventLoopGroupProxy-4-11] INFO  Application - [32m200 OK[m: [36mPOST[m - /login in 5ms
[2023-08-13 15:33:30,658]-[eventLoopGroupProxy-4-12] INFO  Application - [32m200 OK[m: [36mPOST[m - /kv/routeProfileServiceManager0 in 3ms
[2023-08-13 15:33:30,679]-[eventLoopGroupProxy-4-1] INFO  Application - [32m200 OK[m: [36mPOST[m - /kv/routeAddressServiceManager0 in 4ms
[2023-08-13 15:33:34,071]-[eventLoopGroupProxy-4-2] INFO  Application - [32m200 OK[m: [36mPOST[m - /kv/routeAddressServiceManager2 in 15ms
[2023-08-13 15:33:34,087]-[eventLoopGroupProxy-4-3] INFO  Application - [32m200 OK[m: [36mPOST[m - /kv/routeAddressServiceManager0 in 4ms
[2023-08-13 15:33:35,067]-[eventLoopGroupProxy-4-4] INFO  Application - [32m302 Found[m: [36mGET[m - /logout in 3ms -> /
[2023-08-13 15:33:35,831]-[eventLoopGroupProxy-4-5] INFO  Application - [31m401 Unauthorized[m: [36mPOST[m - /kv/routeAddressServiceManager0 in 3ms
[2023-08-13 15:33:43,455]-[KtorShutdownHook] INFO  Application - Application stopping: io.ktor.server.application.Application@cb39552
[2023-08-13 15:33:43,457]-[KtorShutdownHook] INFO  Application - Application stopped: io.ktor.server.application.Application@cb39552
